make[1]: Entering directory '/home/cs392/shlab/src'
./sdriver.pl -t trace01.txt -s ./tsh -a "-p"
#
# trace01.txt - Properly terminate on EOF.
#
./sdriver.pl -t trace02.txt -s ./tsh -a "-p"
#
# trace02.txt - Process builtin quit command.
#
./sdriver.pl -t trace03.txt -s ./tsh -a "-p"
#
# trace03.txt - Run a foreground job.
#
tsh> quit
./sdriver.pl -t trace04.txt -s ./tsh -a "-p"
#
# trace04.txt - Run a background job.
#
tsh> ./myspin 1 &
[1] (2056) ./myspin 1 &
./sdriver.pl -t trace05.txt -s ./tsh -a "-p"
#
# trace05.txt - Process jobs builtin command.
#
tsh> ./myspin 2 &
[1] (2061) ./myspin 2 &
tsh> ./myspin 3 &
[2] (2063) ./myspin 3 &
tsh> jobs
[1] (2061) Running ./myspin 2 &
[2] (2063) Running ./myspin 3 &
./sdriver.pl -t trace06.txt -s ./tsh -a "-p"
#
# trace06.txt - Forward SIGINT to foreground job.
#
tsh> ./myspin 4
Job [1] (2069) terminated by signal 2
./sdriver.pl -t trace07.txt -s ./tsh -a "-p"
#
# trace07.txt - Forward SIGINT only to foreground job.
#
tsh> ./myspin 4 &
[1] (2074) ./myspin 4 &
tsh> ./myspin 5
Job [2] (2076) terminated by signal 2
tsh> jobs
[1] (2074) Running ./myspin 4 &
./sdriver.pl -t trace08.txt -s ./tsh -a "-p"
#
# trace08.txt - Forward SIGTSTP only to foreground job.
#
tsh> ./myspin 4 &
[1] (2084) ./myspin 4 &
tsh> ./myspin 5
Job [2] (2086) stopped by signal 20
tsh> jobs
[1] (2084) Running ./myspin 4 &
[2] (2086) Stopped ./myspin 5 
./sdriver.pl -t trace09.txt -s ./tsh -a "-p"
#
# trace09.txt - Process bg builtin command
#
tsh> ./myspin 4 &
[1] (2092) ./myspin 4 &
tsh> ./myspin 5
Job [2] (2094) stopped by signal 20
tsh> jobs
[1] (2092) Running ./myspin 4 &
[2] (2094) Stopped ./myspin 5 
tsh> bg %2
[2] (2094) ./myspin 5 
tsh> jobs
[1] (2092) Running ./myspin 4 &
[2] (2094) Running ./myspin 5 
./sdriver.pl -t trace10.txt -s ./tsh -a "-p"
#
# trace10.txt - Process fg builtin command. 
#
tsh> ./myspin 4 &
[1] (2102) ./myspin 4 &
tsh> fg %1
Job [1] (2102) stopped by signal 20
tsh> jobs
[1] (2102) Stopped ./myspin 4 &
tsh> fg %1
tsh> jobs
./sdriver.pl -t trace11.txt -s ./tsh -a "-p"
#
# trace11.txt - Forward SIGINT to every process in foreground process group
#
tsh> ./mysplit 4
Job [1] (2111) terminated by signal 2
tsh> /bin/ps a
  PID TTY      STAT   TIME COMMAND
  813 tty7     Ss+    0:01 /usr/lib/xorg/Xorg -core :0 -seat seat0 -auth /var/run/lightdm/root/:0 -nolisten tcp vt7 -novtswitch
 1195 tty1     Ss+    0:00 /sbin/agetty --noclear tty1 linux
 1809 pts/6    Ss     0:00 bash
 2039 pts/6    S+     0:00 make tshrefout
 2040 pts/6    S+     0:00 /bin/sh -c make tests > tshref.out 2>&1
 2041 pts/6    S+     0:00 make tests
 2107 pts/6    S+     0:00 /bin/sh -c ./sdriver.pl -t trace11.txt -s ./tsh -a "-p"
 2108 pts/6    S+     0:00 /usr/bin/perl ./sdriver.pl -t trace11.txt -s ./tsh -a -p
 2109 pts/6    S+     0:00 ./tsh -p
 2114 pts/6    R      0:00 /bin/ps a
./sdriver.pl -t trace12.txt -s ./tsh -a "-p"
#
# trace12.txt - Forward SIGTSTP to every process in foreground process group
#
tsh> ./mysplit 4
Job [1] (2119) stopped by signal 20
tsh> jobs
[1] (2119) Stopped ./mysplit 4 
tsh> /bin/ps a
  PID TTY      STAT   TIME COMMAND
  813 tty7     Ss+    0:01 /usr/lib/xorg/Xorg -core :0 -seat seat0 -auth /var/run/lightdm/root/:0 -nolisten tcp vt7 -novtswitch
 1195 tty1     Ss+    0:00 /sbin/agetty --noclear tty1 linux
 1809 pts/6    Ss     0:00 bash
 2039 pts/6    S+     0:00 make tshrefout
 2040 pts/6    S+     0:00 /bin/sh -c make tests > tshref.out 2>&1
 2041 pts/6    S+     0:00 make tests
 2115 pts/6    S+     0:00 /bin/sh -c ./sdriver.pl -t trace12.txt -s ./tsh -a "-p"
 2116 pts/6    S+     0:00 /usr/bin/perl ./sdriver.pl -t trace12.txt -s ./tsh -a -p
 2117 pts/6    S+     0:00 ./tsh -p
 2119 pts/6    T      0:00 ./mysplit 4
 2120 pts/6    T      0:00 ./mysplit 4
 2123 pts/6    R      0:00 /bin/ps a
./sdriver.pl -t trace13.txt -s ./tsh -a "-p"
#
# trace13.txt - Restart every stopped process in process group
#
tsh> ./mysplit 4
Job [1] (2128) stopped by signal 20
tsh> jobs
[1] (2128) Stopped ./mysplit 4 
tsh> /bin/ps a
  PID TTY      STAT   TIME COMMAND
  813 tty7     Ss+    0:01 /usr/lib/xorg/Xorg -core :0 -seat seat0 -auth /var/run/lightdm/root/:0 -nolisten tcp vt7 -novtswitch
 1195 tty1     Ss+    0:00 /sbin/agetty --noclear tty1 linux
 1809 pts/6    Ss     0:00 bash
 2039 pts/6    S+     0:00 make tshrefout
 2040 pts/6    S+     0:00 /bin/sh -c make tests > tshref.out 2>&1
 2041 pts/6    S+     0:00 make tests
 2124 pts/6    S+     0:00 /bin/sh -c ./sdriver.pl -t trace13.txt -s ./tsh -a "-p"
 2125 pts/6    S+     0:00 /usr/bin/perl ./sdriver.pl -t trace13.txt -s ./tsh -a -p
 2126 pts/6    S+     0:00 ./tsh -p
 2128 pts/6    T      0:00 ./mysplit 4
 2129 pts/6    T      0:00 ./mysplit 4
 2132 pts/6    R      0:00 /bin/ps a
tsh> fg %1
tsh> /bin/ps a
  PID TTY      STAT   TIME COMMAND
  813 tty7     Ss+    0:01 /usr/lib/xorg/Xorg -core :0 -seat seat0 -auth /var/run/lightdm/root/:0 -nolisten tcp vt7 -novtswitch
 1195 tty1     Ss+    0:00 /sbin/agetty --noclear tty1 linux
 1809 pts/6    Ss     0:00 bash
 2039 pts/6    S+     0:00 make tshrefout
 2040 pts/6    S+     0:00 /bin/sh -c make tests > tshref.out 2>&1
 2041 pts/6    S+     0:00 make tests
 2124 pts/6    S+     0:00 /bin/sh -c ./sdriver.pl -t trace13.txt -s ./tsh -a "-p"
 2125 pts/6    S+     0:00 /usr/bin/perl ./sdriver.pl -t trace13.txt -s ./tsh -a -p
 2126 pts/6    S+     0:00 ./tsh -p
 2135 pts/6    R      0:00 /bin/ps a
./sdriver.pl -t trace14.txt -s ./tsh -a "-p"
#
# trace14.txt - Simple error handling
#
tsh> ./bogus
./bogus: Command not found
tsh> ./myspin 4 &
[1] (2142) ./myspin 4 &
tsh> fg
fg command requires PID or %jobid argument
tsh> bg
bg command requires PID or %jobid argument
tsh> fg a
fg: argument must be a PID or %jobid
tsh> bg a
bg: argument must be a PID or %jobid
tsh> fg 9999999
(9999999): No such process
tsh> bg 9999999
(9999999): No such process
tsh> fg %2
%2: No such job
tsh> fg %1
Job [1] (2142) stopped by signal 20
tsh> bg %2
%2: No such job
tsh> bg %1
[1] (2142) ./myspin 4 &
tsh> jobs
[1] (2142) Running ./myspin 4 &
./sdriver.pl -t trace15.txt -s ./tsh -a "-p"
#
# trace15.txt - Putting it all together
#
tsh> ./bogus
./bogus: Command not found
tsh> ./myspin 10
Job [1] (2160) terminated by signal 2
tsh> ./myspin 3 &
[1] (2162) ./myspin 3 &
tsh> ./myspin 4 &
[2] (2164) ./myspin 4 &
tsh> jobs
[1] (2162) Running ./myspin 3 &
[2] (2164) Running ./myspin 4 &
tsh> fg %1
Job [1] (2162) stopped by signal 20
tsh> jobs
[1] (2162) Stopped ./myspin 3 &
[2] (2164) Running ./myspin 4 &
tsh> bg %3
%3: No such job
tsh> bg %1
[1] (2162) ./myspin 3 &
tsh> jobs
[1] (2162) Running ./myspin 3 &
[2] (2164) Running ./myspin 4 &
tsh> fg %1
tsh> quit
./sdriver.pl -t trace16.txt -s ./tsh -a "-p"
#
# trace16.txt - Tests whether the shell can handle SIGTSTP and SIGINT
#     signals that come from other processes instead of the terminal.
#
tsh> ./mystop 2
Job [1] (2177) stopped by signal 20
tsh> jobs
[1] (2177) Stopped ./mystop 2
tsh> ./myint 2
Job [2] (2180) terminated by signal 2
make[1]: Leaving directory '/home/cs392/shlab/src'
